<?xml version="1.0" encoding="UTF-8"?>
<!-- Generated by org.testng.reporters.JUnitReportReporter -->
<testsuite skipped="0" hostname="Venkat-PC" name="Test.vk.sample" tests="1" failures="0" timestamp="2021-01-30T23:55:45 IST" time="91.319" errors="0">
  <testcase name="launch" time="91.319" classname="Test.vk.sample"/>
  <system-out/>
</testsuite> <!-- Test.vk.sample -->
